2022-07-12 10:16:37.448  INFO 146450 --- [restartedMain] sia.tacocloud.TacoCloudApplication       : Starting TacoCloudApplication using Java 17.0.2 on david-HP-EliteBook-840-G3 with PID 146450 (/home/david/IdeaProjects/taco-cloud/target/classes started by david in /home/david/IdeaProjects/taco-cloud)
2022-07-12 10:16:37.458  INFO 146450 --- [restartedMain] sia.tacocloud.TacoCloudApplication       : No active profile set, falling back to default profiles: default
2022-07-12 10:16:37.604  WARN 146450 --- [restartedMain] o.s.b.c.config.ConfigDataEnvironment     : Property 'spring.profiles' imported from location 'class path resource [application.yml]' is invalid and should be replaced with 'spring.config.activate.on-profile' [origin: class path resource [application.yml] - 31:13]
2022-07-12 10:16:37.607  INFO 146450 --- [restartedMain] .e.DevToolsPropertyDefaultsPostProcessor : Devtools property defaults active! Set 'spring.devtools.add-properties' to 'false' to disable
2022-07-12 10:16:37.608  INFO 146450 --- [restartedMain] .e.DevToolsPropertyDefaultsPostProcessor : For additional web related logging consider setting the 'logging.level.web' property to 'DEBUG'
2022-07-12 10:16:38.591  INFO 146450 --- [restartedMain] .s.d.r.c.RepositoryConfigurationDelegate : Bootstrapping Spring Data JPA repositories in DEFAULT mode.
2022-07-12 10:16:38.653  INFO 146450 --- [restartedMain] .s.d.r.c.RepositoryConfigurationDelegate : Finished Spring Data repository scanning in 52 ms. Found 4 JPA repository interfaces.
2022-07-12 10:16:39.520  INFO 146450 --- [restartedMain] o.s.b.w.embedded.tomcat.TomcatWebServer  : Tomcat initialized with port(s): 8080 (http)
2022-07-12 10:16:39.530  INFO 146450 --- [restartedMain] o.apache.catalina.core.StandardService   : Starting service [Tomcat]
2022-07-12 10:16:39.531  INFO 146450 --- [restartedMain] org.apache.catalina.core.StandardEngine  : Starting Servlet engine: [Apache Tomcat/9.0.56]
2022-07-12 10:16:39.593  INFO 146450 --- [restartedMain] o.a.c.c.C.[Tomcat].[localhost].[/]       : Initializing Spring embedded WebApplicationContext
2022-07-12 10:16:39.593  INFO 146450 --- [restartedMain] w.s.c.ServletWebServerApplicationContext : Root WebApplicationContext: initialization completed in 1981 ms
2022-07-12 10:16:39.642  INFO 146450 --- [restartedMain] com.zaxxer.hikari.HikariDataSource       : HikariPool-1 - Starting...
2022-07-12 10:16:39.813  INFO 146450 --- [restartedMain] com.zaxxer.hikari.HikariDataSource       : HikariPool-1 - Start completed.
2022-07-12 10:16:39.834  INFO 146450 --- [restartedMain] o.s.b.a.h2.H2ConsoleAutoConfiguration    : H2 console available at '/h2-console'. Database available at 'jdbc:h2:mem:testdb'
2022-07-12 10:16:40.102  INFO 146450 --- [restartedMain] o.hibernate.jpa.internal.util.LogHelper  : HHH000204: Processing PersistenceUnitInfo [name: default]
2022-07-12 10:16:40.147  INFO 146450 --- [restartedMain] org.hibernate.Version                    : HHH000412: Hibernate ORM core version 5.6.4.Final
2022-07-12 10:16:40.269  INFO 146450 --- [restartedMain] o.hibernate.annotations.common.Version   : HCANN000001: Hibernate Commons Annotations {5.1.2.Final}
2022-07-12 10:16:40.402  INFO 146450 --- [restartedMain] org.hibernate.dialect.Dialect            : HHH000400: Using dialect: org.hibernate.dialect.H2Dialect
2022-07-12 10:16:41.066  INFO 146450 --- [restartedMain] o.h.e.t.j.p.i.JtaPlatformInitiator       : HHH000490: Using JtaPlatform implementation: [org.hibernate.engine.transaction.jta.platform.internal.NoJtaPlatform]
2022-07-12 10:16:41.073  INFO 146450 --- [restartedMain] j.LocalContainerEntityManagerFactoryBean : Initialized JPA EntityManagerFactory for persistence unit 'default'
2022-07-12 10:16:41.433  WARN 146450 --- [restartedMain] JpaBaseConfiguration$JpaWebConfiguration : spring.jpa.open-in-view is enabled by default. Therefore, database queries may be performed during view rendering. Explicitly configure spring.jpa.open-in-view to disable this warning
2022-07-12 10:16:41.967  INFO 146450 --- [restartedMain] o.s.s.web.DefaultSecurityFilterChain     : Will secure any request with [org.springframework.security.web.context.request.async.WebAsyncManagerIntegrationFilter@10f588a6, org.springframework.security.web.context.SecurityContextPersistenceFilter@2f70e6f8, org.springframework.security.web.header.HeaderWriterFilter@7c75b9cd, org.springframework.security.web.authentication.logout.LogoutFilter@1ecd0334, org.springframework.security.web.authentication.UsernamePasswordAuthenticationFilter@1274df26, org.springframework.security.web.savedrequest.RequestCacheAwareFilter@55112243, org.springframework.security.web.servletapi.SecurityContextHolderAwareRequestFilter@28a1349, org.springframework.security.web.authentication.AnonymousAuthenticationFilter@14eb0355, org.springframework.security.web.session.SessionManagementFilter@74c36088, org.springframework.security.web.access.ExceptionTranslationFilter@45242978, org.springframework.security.web.access.intercept.FilterSecurityInterceptor@3f83cc44]
2022-07-12 10:16:42.892  INFO 146450 --- [restartedMain] o.s.b.d.a.OptionalLiveReloadServer       : LiveReload server is running on port 35729
2022-07-12 10:16:42.917  INFO 146450 --- [restartedMain] o.s.b.w.embedded.tomcat.TomcatWebServer  : Tomcat started on port(s): 8080 (http) with context path ''
2022-07-12 10:16:42.931  INFO 146450 --- [restartedMain] sia.tacocloud.TacoCloudApplication       : Started TacoCloudApplication in 6.43 seconds (JVM running for 7.37)
2022-07-12 10:17:00.310  INFO 146450 --- [http-nio-8080-exec-2] o.a.c.c.C.[Tomcat].[localhost].[/]       : Initializing Spring DispatcherServlet 'dispatcherServlet'
2022-07-12 10:17:00.310  INFO 146450 --- [http-nio-8080-exec-2] o.s.web.servlet.DispatcherServlet        : Initializing Servlet 'dispatcherServlet'
2022-07-12 10:17:00.312  INFO 146450 --- [http-nio-8080-exec-2] o.s.web.servlet.DispatcherServlet        : Completed initialization in 2 ms
2022-07-12 10:17:00.348  WARN 146450 --- [http-nio-8080-exec-2] .w.s.m.s.DefaultHandlerExceptionResolver : Resolved [org.springframework.web.HttpRequestMethodNotSupportedException: Request method 'POST' not supported]
2022-07-12 10:21:02.960  WARN 146450 --- [http-nio-8080-exec-1] .m.m.a.ExceptionHandlerExceptionResolver : Resolved [org.springframework.http.converter.HttpMessageNotReadableException: JSON parse error: Failed to convert from type [java.net.URI] to type [sia.tacocloud.tacos.Ingredient] for value 'id'; nested exception is java.lang.IllegalArgumentException: Cannot resolve URI id. Is it local or remote? Only local URIs are resolvable.; nested exception is com.fasterxml.jackson.databind.JsonMappingException: Failed to convert from type [java.net.URI] to type [sia.tacocloud.tacos.Ingredient] for value 'id'; nested exception is java.lang.IllegalArgumentException: Cannot resolve URI id. Is it local or remote? Only local URIs are resolvable. (through reference chain: sia.tacocloud.tacos.Taco["ingredients"]->java.util.ArrayList[1])]
2022-07-12 10:26:34.981  WARN 146450 --- [http-nio-8080-exec-3] .w.s.m.s.DefaultHandlerExceptionResolver : Resolved [org.springframework.web.HttpRequestMethodNotSupportedException: Request method 'POST' not supported]
2022-07-12 10:26:38.706  WARN 146450 --- [http-nio-8080-exec-4] .m.m.a.ExceptionHandlerExceptionResolver : Resolved [org.springframework.http.converter.HttpMessageNotReadableException: JSON parse error: Failed to convert from type [java.net.URI] to type [sia.tacocloud.tacos.Ingredient] for value 'id'; nested exception is java.lang.IllegalArgumentException: Cannot resolve URI id. Is it local or remote? Only local URIs are resolvable.; nested exception is com.fasterxml.jackson.databind.JsonMappingException: Failed to convert from type [java.net.URI] to type [sia.tacocloud.tacos.Ingredient] for value 'id'; nested exception is java.lang.IllegalArgumentException: Cannot resolve URI id. Is it local or remote? Only local URIs are resolvable. (through reference chain: sia.tacocloud.tacos.Taco["ingredients"]->java.util.ArrayList[1])]
2022-07-12 10:34:26.238  INFO 146450 --- [SpringApplicationShutdownHook] j.LocalContainerEntityManagerFactoryBean : Closing JPA EntityManagerFactory for persistence unit 'default'
2022-07-12 10:34:26.239  INFO 146450 --- [SpringApplicationShutdownHook] .SchemaDropperImpl$DelayedDropActionImpl : HHH000477: Starting delayed evictData of schema as part of SessionFactory shut-down'
2022-07-12 10:34:26.453  WARN 146450 --- [SpringApplicationShutdownHook] o.s.b.f.support.DisposableBeanAdapter    : Invocation of destroy method failed on bean with name 'inMemoryDatabaseShutdownExecutor': org.h2.jdbc.JdbcSQLNonTransientConnectionException: Database is already closed (to disable automatic closing at VM shutdown, add ";DB_CLOSE_ON_EXIT=FALSE" to the db URL) [90121-200]
2022-07-12 10:34:26.454  INFO 146450 --- [SpringApplicationShutdownHook] com.zaxxer.hikari.HikariDataSource       : HikariPool-1 - Shutdown initiated...
2022-07-12 10:34:26.456  INFO 146450 --- [SpringApplicationShutdownHook] com.zaxxer.hikari.HikariDataSource       : HikariPool-1 - Shutdown completed.
2022-07-12 10:34:31.895  INFO 146716 --- [restartedMain] sia.tacocloud.TacoCloudApplication       : Starting TacoCloudApplication using Java 17.0.2 on david-HP-EliteBook-840-G3 with PID 146716 (/home/david/IdeaProjects/taco-cloud/target/classes started by david in /home/david/IdeaProjects/taco-cloud)
2022-07-12 10:34:31.897  INFO 146716 --- [restartedMain] sia.tacocloud.TacoCloudApplication       : No active profile set, falling back to default profiles: default
2022-07-12 10:34:32.003  WARN 146716 --- [restartedMain] o.s.b.c.config.ConfigDataEnvironment     : Property 'spring.profiles' imported from location 'class path resource [application.yml]' is invalid and should be replaced with 'spring.config.activate.on-profile' [origin: class path resource [application.yml] - 31:13]
2022-07-12 10:34:32.012  INFO 146716 --- [restartedMain] .e.DevToolsPropertyDefaultsPostProcessor : Devtools property defaults active! Set 'spring.devtools.add-properties' to 'false' to disable
2022-07-12 10:34:32.012  INFO 146716 --- [restartedMain] .e.DevToolsPropertyDefaultsPostProcessor : For additional web related logging consider setting the 'logging.level.web' property to 'DEBUG'
2022-07-12 10:34:33.414  INFO 146716 --- [restartedMain] .s.d.r.c.RepositoryConfigurationDelegate : Bootstrapping Spring Data JPA repositories in DEFAULT mode.
2022-07-12 10:34:33.502  INFO 146716 --- [restartedMain] .s.d.r.c.RepositoryConfigurationDelegate : Finished Spring Data repository scanning in 73 ms. Found 4 JPA repository interfaces.
2022-07-12 10:34:34.673  INFO 146716 --- [restartedMain] o.s.b.w.embedded.tomcat.TomcatWebServer  : Tomcat initialized with port(s): 8080 (http)
2022-07-12 10:34:34.697  INFO 146716 --- [restartedMain] o.apache.catalina.core.StandardService   : Starting service [Tomcat]
2022-07-12 10:34:34.698  INFO 146716 --- [restartedMain] org.apache.catalina.core.StandardEngine  : Starting Servlet engine: [Apache Tomcat/9.0.56]
2022-07-12 10:34:34.816  INFO 146716 --- [restartedMain] o.a.c.c.C.[Tomcat].[localhost].[/]       : Initializing Spring embedded WebApplicationContext
2022-07-12 10:34:34.816  INFO 146716 --- [restartedMain] w.s.c.ServletWebServerApplicationContext : Root WebApplicationContext: initialization completed in 2803 ms
2022-07-12 10:34:34.877  INFO 146716 --- [restartedMain] com.zaxxer.hikari.HikariDataSource       : HikariPool-1 - Starting...
2022-07-12 10:34:35.129  INFO 146716 --- [restartedMain] com.zaxxer.hikari.HikariDataSource       : HikariPool-1 - Start completed.
2022-07-12 10:34:35.176  INFO 146716 --- [restartedMain] o.s.b.a.h2.H2ConsoleAutoConfiguration    : H2 console available at '/h2-console'. Database available at 'jdbc:h2:mem:testdb'
2022-07-12 10:34:35.616  INFO 146716 --- [restartedMain] o.hibernate.jpa.internal.util.LogHelper  : HHH000204: Processing PersistenceUnitInfo [name: default]
2022-07-12 10:34:35.676  INFO 146716 --- [restartedMain] org.hibernate.Version                    : HHH000412: Hibernate ORM core version 5.6.4.Final
2022-07-12 10:34:35.877  INFO 146716 --- [restartedMain] o.hibernate.annotations.common.Version   : HCANN000001: Hibernate Commons Annotations {5.1.2.Final}
2022-07-12 10:34:36.020  INFO 146716 --- [restartedMain] org.hibernate.dialect.Dialect            : HHH000400: Using dialect: org.hibernate.dialect.H2Dialect
2022-07-12 10:34:36.938  INFO 146716 --- [restartedMain] o.h.e.t.j.p.i.JtaPlatformInitiator       : HHH000490: Using JtaPlatform implementation: [org.hibernate.engine.transaction.jta.platform.internal.NoJtaPlatform]
2022-07-12 10:34:36.949  INFO 146716 --- [restartedMain] j.LocalContainerEntityManagerFactoryBean : Initialized JPA EntityManagerFactory for persistence unit 'default'
2022-07-12 10:34:37.570  WARN 146716 --- [restartedMain] JpaBaseConfiguration$JpaWebConfiguration : spring.jpa.open-in-view is enabled by default. Therefore, database queries may be performed during view rendering. Explicitly configure spring.jpa.open-in-view to disable this warning
2022-07-12 10:34:38.257  INFO 146716 --- [restartedMain] o.s.s.web.DefaultSecurityFilterChain     : Will secure any request with [org.springframework.security.web.context.request.async.WebAsyncManagerIntegrationFilter@7d75ccfe, org.springframework.security.web.context.SecurityContextPersistenceFilter@255c72c3, org.springframework.security.web.header.HeaderWriterFilter@df32b15, org.springframework.security.web.authentication.logout.LogoutFilter@4f546d87, org.springframework.security.web.authentication.UsernamePasswordAuthenticationFilter@233e3c35, org.springframework.security.web.savedrequest.RequestCacheAwareFilter@47e14c90, org.springframework.security.web.servletapi.SecurityContextHolderAwareRequestFilter@724b3eca, org.springframework.security.web.authentication.AnonymousAuthenticationFilter@3fbae1da, org.springframework.security.web.session.SessionManagementFilter@70f4d3ad, org.springframework.security.web.access.ExceptionTranslationFilter@6fa68ff2, org.springframework.security.web.access.intercept.FilterSecurityInterceptor@7672bdd9]
2022-07-12 10:34:39.469  INFO 146716 --- [restartedMain] o.s.b.d.a.OptionalLiveReloadServer       : LiveReload server is running on port 35729
2022-07-12 10:34:39.506  INFO 146716 --- [restartedMain] o.s.b.w.embedded.tomcat.TomcatWebServer  : Tomcat started on port(s): 8080 (http) with context path ''
2022-07-12 10:34:39.523  INFO 146716 --- [restartedMain] sia.tacocloud.TacoCloudApplication       : Started TacoCloudApplication in 8.409 seconds (JVM running for 9.281)
2022-07-12 10:34:47.903  INFO 146716 --- [http-nio-8080-exec-1] o.a.c.c.C.[Tomcat].[localhost].[/]       : Initializing Spring DispatcherServlet 'dispatcherServlet'
2022-07-12 10:34:47.903  INFO 146716 --- [http-nio-8080-exec-1] o.s.web.servlet.DispatcherServlet        : Initializing Servlet 'dispatcherServlet'
2022-07-12 10:34:47.905  INFO 146716 --- [http-nio-8080-exec-1] o.s.web.servlet.DispatcherServlet        : Completed initialization in 2 ms
2022-07-12 11:52:31.753  INFO 146716 --- [SpringApplicationShutdownHook] j.LocalContainerEntityManagerFactoryBean : Closing JPA EntityManagerFactory for persistence unit 'default'
2022-07-12 11:52:31.754  INFO 146716 --- [SpringApplicationShutdownHook] .SchemaDropperImpl$DelayedDropActionImpl : HHH000477: Starting delayed evictData of schema as part of SessionFactory shut-down'
2022-07-12 11:52:31.971  WARN 146716 --- [SpringApplicationShutdownHook] o.s.b.f.support.DisposableBeanAdapter    : Invocation of destroy method failed on bean with name 'inMemoryDatabaseShutdownExecutor': org.h2.jdbc.JdbcSQLNonTransientConnectionException: Database is already closed (to disable automatic closing at VM shutdown, add ";DB_CLOSE_ON_EXIT=FALSE" to the db URL) [90121-200]
2022-07-12 11:52:31.975  INFO 146716 --- [SpringApplicationShutdownHook] com.zaxxer.hikari.HikariDataSource       : HikariPool-1 - Shutdown initiated...
2022-07-12 11:52:31.984  INFO 146716 --- [SpringApplicationShutdownHook] com.zaxxer.hikari.HikariDataSource       : HikariPool-1 - Shutdown completed.
2022-07-12 12:12:14.177  INFO 147615 --- [restartedMain] sia.tacocloud.TacoCloudApplication       : Starting TacoCloudApplication using Java 17.0.2 on david-HP-EliteBook-840-G3 with PID 147615 (/home/david/IdeaProjects/taco-cloud/target/classes started by david in /home/david/IdeaProjects/taco-cloud)
2022-07-12 12:12:14.179  INFO 147615 --- [restartedMain] sia.tacocloud.TacoCloudApplication       : No active profile set, falling back to default profiles: default
2022-07-12 12:12:14.273  WARN 147615 --- [restartedMain] o.s.b.c.config.ConfigDataEnvironment     : Property 'spring.profiles' imported from location 'class path resource [application.yml]' is invalid and should be replaced with 'spring.config.activate.on-profile' [origin: class path resource [application.yml] - 31:13]
2022-07-12 12:12:14.276  INFO 147615 --- [restartedMain] .e.DevToolsPropertyDefaultsPostProcessor : Devtools property defaults active! Set 'spring.devtools.add-properties' to 'false' to disable
2022-07-12 12:12:14.276  INFO 147615 --- [restartedMain] .e.DevToolsPropertyDefaultsPostProcessor : For additional web related logging consider setting the 'logging.level.web' property to 'DEBUG'
2022-07-12 12:12:15.603  INFO 147615 --- [restartedMain] .s.d.r.c.RepositoryConfigurationDelegate : Bootstrapping Spring Data JPA repositories in DEFAULT mode.
2022-07-12 12:12:15.703  INFO 147615 --- [restartedMain] .s.d.r.c.RepositoryConfigurationDelegate : Finished Spring Data repository scanning in 84 ms. Found 4 JPA repository interfaces.
2022-07-12 12:12:16.820  INFO 147615 --- [restartedMain] o.s.b.w.embedded.tomcat.TomcatWebServer  : Tomcat initialized with port(s): 8080 (http)
2022-07-12 12:12:16.837  INFO 147615 --- [restartedMain] o.apache.catalina.core.StandardService   : Starting service [Tomcat]
2022-07-12 12:12:16.838  INFO 147615 --- [restartedMain] org.apache.catalina.core.StandardEngine  : Starting Servlet engine: [Apache Tomcat/9.0.56]
2022-07-12 12:12:16.941  INFO 147615 --- [restartedMain] o.a.c.c.C.[Tomcat].[localhost].[/]       : Initializing Spring embedded WebApplicationContext
2022-07-12 12:12:16.942  INFO 147615 --- [restartedMain] w.s.c.ServletWebServerApplicationContext : Root WebApplicationContext: initialization completed in 2665 ms
2022-07-12 12:12:17.059  INFO 147615 --- [restartedMain] com.zaxxer.hikari.HikariDataSource       : HikariPool-1 - Starting...
2022-07-12 12:12:17.308  INFO 147615 --- [restartedMain] com.zaxxer.hikari.HikariDataSource       : HikariPool-1 - Start completed.
2022-07-12 12:12:17.328  INFO 147615 --- [restartedMain] o.s.b.a.h2.H2ConsoleAutoConfiguration    : H2 console available at '/h2-console'. Database available at 'jdbc:h2:mem:testdb'
2022-07-12 12:12:17.751  INFO 147615 --- [restartedMain] o.hibernate.jpa.internal.util.LogHelper  : HHH000204: Processing PersistenceUnitInfo [name: default]
2022-07-12 12:12:17.820  INFO 147615 --- [restartedMain] org.hibernate.Version                    : HHH000412: Hibernate ORM core version 5.6.4.Final
2022-07-12 12:12:18.042  INFO 147615 --- [restartedMain] o.hibernate.annotations.common.Version   : HCANN000001: Hibernate Commons Annotations {5.1.2.Final}
2022-07-12 12:12:18.217  INFO 147615 --- [restartedMain] org.hibernate.dialect.Dialect            : HHH000400: Using dialect: org.hibernate.dialect.H2Dialect
2022-07-12 12:12:19.229  INFO 147615 --- [restartedMain] o.h.e.t.j.p.i.JtaPlatformInitiator       : HHH000490: Using JtaPlatform implementation: [org.hibernate.engine.transaction.jta.platform.internal.NoJtaPlatform]
2022-07-12 12:12:19.241  INFO 147615 --- [restartedMain] j.LocalContainerEntityManagerFactoryBean : Initialized JPA EntityManagerFactory for persistence unit 'default'
2022-07-12 12:12:19.822  WARN 147615 --- [restartedMain] JpaBaseConfiguration$JpaWebConfiguration : spring.jpa.open-in-view is enabled by default. Therefore, database queries may be performed during view rendering. Explicitly configure spring.jpa.open-in-view to disable this warning
2022-07-12 12:12:20.525  INFO 147615 --- [restartedMain] o.s.s.web.DefaultSecurityFilterChain     : Will secure any request with [org.springframework.security.web.context.request.async.WebAsyncManagerIntegrationFilter@24bf09c2, org.springframework.security.web.context.SecurityContextPersistenceFilter@2d448d4c, org.springframework.security.web.header.HeaderWriterFilter@125e1597, org.springframework.security.web.authentication.logout.LogoutFilter@402ed80b, org.springframework.security.web.authentication.UsernamePasswordAuthenticationFilter@47283409, org.springframework.security.web.savedrequest.RequestCacheAwareFilter@541d1701, org.springframework.security.web.servletapi.SecurityContextHolderAwareRequestFilter@731706ae, org.springframework.security.web.authentication.AnonymousAuthenticationFilter@456f0ced, org.springframework.security.web.session.SessionManagementFilter@3bd4df79, org.springframework.security.web.access.ExceptionTranslationFilter@455bed6f, org.springframework.security.web.access.intercept.FilterSecurityInterceptor@161bdb27]
2022-07-12 12:12:21.778  INFO 147615 --- [restartedMain] o.s.b.d.a.OptionalLiveReloadServer       : LiveReload server is running on port 35729
2022-07-12 12:12:21.818  INFO 147615 --- [restartedMain] o.s.b.w.embedded.tomcat.TomcatWebServer  : Tomcat started on port(s): 8080 (http) with context path ''
2022-07-12 12:12:21.841  INFO 147615 --- [restartedMain] sia.tacocloud.TacoCloudApplication       : Started TacoCloudApplication in 8.515 seconds (JVM running for 9.374)
2022-07-12 12:22:58.694  INFO 147615 --- [http-nio-8080-exec-1] o.a.c.c.C.[Tomcat].[localhost].[/]       : Initializing Spring DispatcherServlet 'dispatcherServlet'
2022-07-12 12:22:58.694  INFO 147615 --- [http-nio-8080-exec-1] o.s.web.servlet.DispatcherServlet        : Initializing Servlet 'dispatcherServlet'
2022-07-12 12:22:58.698  INFO 147615 --- [http-nio-8080-exec-1] o.s.web.servlet.DispatcherServlet        : Completed initialization in 3 ms
2022-07-12 12:26:43.753  INFO 147615 --- [SpringApplicationShutdownHook] j.LocalContainerEntityManagerFactoryBean : Closing JPA EntityManagerFactory for persistence unit 'default'
2022-07-12 12:26:43.754  INFO 147615 --- [SpringApplicationShutdownHook] .SchemaDropperImpl$DelayedDropActionImpl : HHH000477: Starting delayed evictData of schema as part of SessionFactory shut-down'
2022-07-12 12:26:43.976  WARN 147615 --- [SpringApplicationShutdownHook] o.s.b.f.support.DisposableBeanAdapter    : Invocation of destroy method failed on bean with name 'inMemoryDatabaseShutdownExecutor': org.h2.jdbc.JdbcSQLNonTransientConnectionException: Database is already closed (to disable automatic closing at VM shutdown, add ";DB_CLOSE_ON_EXIT=FALSE" to the db URL) [90121-200]
2022-07-12 12:26:43.977  INFO 147615 --- [SpringApplicationShutdownHook] com.zaxxer.hikari.HikariDataSource       : HikariPool-1 - Shutdown initiated...
2022-07-12 12:26:43.980  INFO 147615 --- [SpringApplicationShutdownHook] com.zaxxer.hikari.HikariDataSource       : HikariPool-1 - Shutdown completed.
2022-07-12 13:25:48.955  INFO 148188 --- [restartedMain] sia.tacocloud.TacoCloudApplication       : Starting TacoCloudApplication using Java 17.0.2 on david-HP-EliteBook-840-G3 with PID 148188 (/home/david/IdeaProjects/taco-cloud/target/classes started by david in /home/david/IdeaProjects/taco-cloud)
2022-07-12 13:25:48.960  INFO 148188 --- [restartedMain] sia.tacocloud.TacoCloudApplication       : No active profile set, falling back to default profiles: default
2022-07-12 13:25:49.057  WARN 148188 --- [restartedMain] o.s.b.c.config.ConfigDataEnvironment     : Property 'spring.profiles' imported from location 'class path resource [application.yml]' is invalid and should be replaced with 'spring.config.activate.on-profile' [origin: class path resource [application.yml] - 31:13]
2022-07-12 13:25:49.059  INFO 148188 --- [restartedMain] .e.DevToolsPropertyDefaultsPostProcessor : Devtools property defaults active! Set 'spring.devtools.add-properties' to 'false' to disable
2022-07-12 13:25:49.059  INFO 148188 --- [restartedMain] .e.DevToolsPropertyDefaultsPostProcessor : For additional web related logging consider setting the 'logging.level.web' property to 'DEBUG'
2022-07-12 13:25:50.758  INFO 148188 --- [restartedMain] .s.d.r.c.RepositoryConfigurationDelegate : Bootstrapping Spring Data JPA repositories in DEFAULT mode.
2022-07-12 13:25:50.852  INFO 148188 --- [restartedMain] .s.d.r.c.RepositoryConfigurationDelegate : Finished Spring Data repository scanning in 80 ms. Found 4 JPA repository interfaces.
2022-07-12 13:25:51.997  INFO 148188 --- [restartedMain] o.s.b.w.embedded.tomcat.TomcatWebServer  : Tomcat initialized with port(s): 8080 (http)
2022-07-12 13:25:52.013  INFO 148188 --- [restartedMain] o.apache.catalina.core.StandardService   : Starting service [Tomcat]
2022-07-12 13:25:52.013  INFO 148188 --- [restartedMain] org.apache.catalina.core.StandardEngine  : Starting Servlet engine: [Apache Tomcat/9.0.56]
2022-07-12 13:25:52.107  INFO 148188 --- [restartedMain] o.a.c.c.C.[Tomcat].[localhost].[/]       : Initializing Spring embedded WebApplicationContext
2022-07-12 13:25:52.108  INFO 148188 --- [restartedMain] w.s.c.ServletWebServerApplicationContext : Root WebApplicationContext: initialization completed in 3039 ms
2022-07-12 13:25:52.193  INFO 148188 --- [restartedMain] com.zaxxer.hikari.HikariDataSource       : HikariPool-1 - Starting...
2022-07-12 13:25:52.431  INFO 148188 --- [restartedMain] com.zaxxer.hikari.HikariDataSource       : HikariPool-1 - Start completed.
2022-07-12 13:25:52.446  INFO 148188 --- [restartedMain] o.s.b.a.h2.H2ConsoleAutoConfiguration    : H2 console available at '/h2-console'. Database available at 'jdbc:h2:mem:testdb'
2022-07-12 13:25:52.872  INFO 148188 --- [restartedMain] o.hibernate.jpa.internal.util.LogHelper  : HHH000204: Processing PersistenceUnitInfo [name: default]
2022-07-12 13:25:52.952  INFO 148188 --- [restartedMain] org.hibernate.Version                    : HHH000412: Hibernate ORM core version 5.6.4.Final
2022-07-12 13:25:53.144  INFO 148188 --- [restartedMain] o.hibernate.annotations.common.Version   : HCANN000001: Hibernate Commons Annotations {5.1.2.Final}
2022-07-12 13:25:53.304  INFO 148188 --- [restartedMain] org.hibernate.dialect.Dialect            : HHH000400: Using dialect: org.hibernate.dialect.H2Dialect
2022-07-12 13:25:54.548  INFO 148188 --- [restartedMain] o.h.e.t.j.p.i.JtaPlatformInitiator       : HHH000490: Using JtaPlatform implementation: [org.hibernate.engine.transaction.jta.platform.internal.NoJtaPlatform]
2022-07-12 13:25:54.558  INFO 148188 --- [restartedMain] j.LocalContainerEntityManagerFactoryBean : Initialized JPA EntityManagerFactory for persistence unit 'default'
2022-07-12 13:25:55.289  WARN 148188 --- [restartedMain] JpaBaseConfiguration$JpaWebConfiguration : spring.jpa.open-in-view is enabled by default. Therefore, database queries may be performed during view rendering. Explicitly configure spring.jpa.open-in-view to disable this warning
2022-07-12 13:25:56.059  INFO 148188 --- [restartedMain] o.s.s.web.DefaultSecurityFilterChain     : Will secure any request with [org.springframework.security.web.context.request.async.WebAsyncManagerIntegrationFilter@115406a3, org.springframework.security.web.context.SecurityContextPersistenceFilter@32f82c73, org.springframework.security.web.header.HeaderWriterFilter@4e1eebc0, org.springframework.security.web.authentication.logout.LogoutFilter@2d5cce61, org.springframework.security.web.authentication.UsernamePasswordAuthenticationFilter@317463f9, org.springframework.security.web.savedrequest.RequestCacheAwareFilter@42033368, org.springframework.security.web.servletapi.SecurityContextHolderAwareRequestFilter@ee15e86, org.springframework.security.web.authentication.AnonymousAuthenticationFilter@9031d0e, org.springframework.security.web.session.SessionManagementFilter@34592107, org.springframework.security.web.access.ExceptionTranslationFilter@6d9c9a97, org.springframework.security.web.access.intercept.FilterSecurityInterceptor@2ec738a5]
2022-07-12 13:25:57.322  INFO 148188 --- [restartedMain] o.s.b.d.a.OptionalLiveReloadServer       : LiveReload server is running on port 35729
2022-07-12 13:25:57.355  INFO 148188 --- [restartedMain] o.s.b.w.embedded.tomcat.TomcatWebServer  : Tomcat started on port(s): 8080 (http) with context path ''
2022-07-12 13:25:57.371  INFO 148188 --- [restartedMain] sia.tacocloud.TacoCloudApplication       : Started TacoCloudApplication in 9.519 seconds (JVM running for 10.368)
2022-07-12 13:26:59.822  INFO 148188 --- [http-nio-8080-exec-1] o.a.c.c.C.[Tomcat].[localhost].[/]       : Initializing Spring DispatcherServlet 'dispatcherServlet'
2022-07-12 13:26:59.822  INFO 148188 --- [http-nio-8080-exec-1] o.s.web.servlet.DispatcherServlet        : Initializing Servlet 'dispatcherServlet'
2022-07-12 13:26:59.824  INFO 148188 --- [http-nio-8080-exec-1] o.s.web.servlet.DispatcherServlet        : Completed initialization in 2 ms
2022-07-12 13:41:52.682  INFO 148188 --- [SpringApplicationShutdownHook] j.LocalContainerEntityManagerFactoryBean : Closing JPA EntityManagerFactory for persistence unit 'default'
2022-07-12 13:41:52.683  INFO 148188 --- [SpringApplicationShutdownHook] .SchemaDropperImpl$DelayedDropActionImpl : HHH000477: Starting delayed evictData of schema as part of SessionFactory shut-down'
2022-07-12 13:41:52.914  WARN 148188 --- [SpringApplicationShutdownHook] o.s.b.f.support.DisposableBeanAdapter    : Invocation of destroy method failed on bean with name 'inMemoryDatabaseShutdownExecutor': org.h2.jdbc.JdbcSQLNonTransientConnectionException: Database is already closed (to disable automatic closing at VM shutdown, add ";DB_CLOSE_ON_EXIT=FALSE" to the db URL) [90121-200]
2022-07-12 13:41:52.917  INFO 148188 --- [SpringApplicationShutdownHook] com.zaxxer.hikari.HikariDataSource       : HikariPool-1 - Shutdown initiated...
2022-07-12 13:41:52.926  INFO 148188 --- [SpringApplicationShutdownHook] com.zaxxer.hikari.HikariDataSource       : HikariPool-1 - Shutdown completed.
2022-07-12 13:41:58.347  INFO 149475 --- [restartedMain] sia.tacocloud.TacoCloudApplication       : Starting TacoCloudApplication using Java 17.0.2 on david-HP-EliteBook-840-G3 with PID 149475 (/home/david/IdeaProjects/taco-cloud/target/classes started by david in /home/david/IdeaProjects/taco-cloud)
2022-07-12 13:41:58.349  INFO 149475 --- [restartedMain] sia.tacocloud.TacoCloudApplication       : No active profile set, falling back to default profiles: default
2022-07-12 13:41:58.448  WARN 149475 --- [restartedMain] o.s.b.c.config.ConfigDataEnvironment     : Property 'spring.profiles' imported from location 'class path resource [application.yml]' is invalid and should be replaced with 'spring.config.activate.on-profile' [origin: class path resource [application.yml] - 31:13]
2022-07-12 13:41:58.453  INFO 149475 --- [restartedMain] .e.DevToolsPropertyDefaultsPostProcessor : Devtools property defaults active! Set 'spring.devtools.add-properties' to 'false' to disable
2022-07-12 13:41:58.453  INFO 149475 --- [restartedMain] .e.DevToolsPropertyDefaultsPostProcessor : For additional web related logging consider setting the 'logging.level.web' property to 'DEBUG'
2022-07-12 13:41:59.803  INFO 149475 --- [restartedMain] .s.d.r.c.RepositoryConfigurationDelegate : Bootstrapping Spring Data JPA repositories in DEFAULT mode.
2022-07-12 13:41:59.914  INFO 149475 --- [restartedMain] .s.d.r.c.RepositoryConfigurationDelegate : Finished Spring Data repository scanning in 95 ms. Found 4 JPA repository interfaces.
2022-07-12 13:42:01.202  INFO 149475 --- [restartedMain] o.s.b.w.embedded.tomcat.TomcatWebServer  : Tomcat initialized with port(s): 8080 (http)
2022-07-12 13:42:01.215  INFO 149475 --- [restartedMain] o.apache.catalina.core.StandardService   : Starting service [Tomcat]
2022-07-12 13:42:01.216  INFO 149475 --- [restartedMain] org.apache.catalina.core.StandardEngine  : Starting Servlet engine: [Apache Tomcat/9.0.56]
2022-07-12 13:42:01.305  INFO 149475 --- [restartedMain] o.a.c.c.C.[Tomcat].[localhost].[/]       : Initializing Spring embedded WebApplicationContext
2022-07-12 13:42:01.305  INFO 149475 --- [restartedMain] w.s.c.ServletWebServerApplicationContext : Root WebApplicationContext: initialization completed in 2850 ms
2022-07-12 13:42:01.401  INFO 149475 --- [restartedMain] com.zaxxer.hikari.HikariDataSource       : HikariPool-1 - Starting...
2022-07-12 13:42:01.669  INFO 149475 --- [restartedMain] com.zaxxer.hikari.HikariDataSource       : HikariPool-1 - Start completed.
2022-07-12 13:42:01.687  INFO 149475 --- [restartedMain] o.s.b.a.h2.H2ConsoleAutoConfiguration    : H2 console available at '/h2-console'. Database available at 'jdbc:h2:mem:testdb'
2022-07-12 13:42:02.073  INFO 149475 --- [restartedMain] o.hibernate.jpa.internal.util.LogHelper  : HHH000204: Processing PersistenceUnitInfo [name: default]
2022-07-12 13:42:02.137  INFO 149475 --- [restartedMain] org.hibernate.Version                    : HHH000412: Hibernate ORM core version 5.6.4.Final
2022-07-12 13:42:02.356  INFO 149475 --- [restartedMain] o.hibernate.annotations.common.Version   : HCANN000001: Hibernate Commons Annotations {5.1.2.Final}
2022-07-12 13:42:02.523  INFO 149475 --- [restartedMain] org.hibernate.dialect.Dialect            : HHH000400: Using dialect: org.hibernate.dialect.H2Dialect
2022-07-12 13:42:03.481  INFO 149475 --- [restartedMain] o.h.e.t.j.p.i.JtaPlatformInitiator       : HHH000490: Using JtaPlatform implementation: [org.hibernate.engine.transaction.jta.platform.internal.NoJtaPlatform]
2022-07-12 13:42:03.489  INFO 149475 --- [restartedMain] j.LocalContainerEntityManagerFactoryBean : Initialized JPA EntityManagerFactory for persistence unit 'default'
2022-07-12 13:42:04.067  WARN 149475 --- [restartedMain] JpaBaseConfiguration$JpaWebConfiguration : spring.jpa.open-in-view is enabled by default. Therefore, database queries may be performed during view rendering. Explicitly configure spring.jpa.open-in-view to disable this warning
2022-07-12 13:42:04.800  INFO 149475 --- [restartedMain] o.s.s.web.DefaultSecurityFilterChain     : Will secure any request with [org.springframework.security.web.context.request.async.WebAsyncManagerIntegrationFilter@48acba98, org.springframework.security.web.context.SecurityContextPersistenceFilter@5a7fda0d, org.springframework.security.web.header.HeaderWriterFilter@270b533d, org.springframework.security.web.authentication.logout.LogoutFilter@511e30cb, org.springframework.security.web.authentication.UsernamePasswordAuthenticationFilter@3851dd80, org.springframework.security.web.savedrequest.RequestCacheAwareFilter@322cb85d, org.springframework.security.web.servletapi.SecurityContextHolderAwareRequestFilter@6eca44e8, org.springframework.security.web.authentication.AnonymousAuthenticationFilter@3c346c8e, org.springframework.security.web.session.SessionManagementFilter@603c4d3d, org.springframework.security.web.access.ExceptionTranslationFilter@436a0400, org.springframework.security.web.access.intercept.FilterSecurityInterceptor@6bb14c98]
2022-07-12 13:42:05.943  INFO 149475 --- [restartedMain] o.s.b.d.a.OptionalLiveReloadServer       : LiveReload server is running on port 35729
2022-07-12 13:42:05.975  INFO 149475 --- [restartedMain] o.s.b.w.embedded.tomcat.TomcatWebServer  : Tomcat started on port(s): 8080 (http) with context path ''
2022-07-12 13:42:05.991  INFO 149475 --- [restartedMain] sia.tacocloud.TacoCloudApplication       : Started TacoCloudApplication in 8.426 seconds (JVM running for 9.445)
2022-07-12 13:42:17.081  INFO 149475 --- [http-nio-8080-exec-1] o.a.c.c.C.[Tomcat].[localhost].[/]       : Initializing Spring DispatcherServlet 'dispatcherServlet'
2022-07-12 13:42:17.081  INFO 149475 --- [http-nio-8080-exec-1] o.s.web.servlet.DispatcherServlet        : Initializing Servlet 'dispatcherServlet'
2022-07-12 13:42:17.083  INFO 149475 --- [http-nio-8080-exec-1] o.s.web.servlet.DispatcherServlet        : Completed initialization in 2 ms
2022-07-12 14:03:52.107  WARN 149475 --- [http-nio-8080-exec-6] .m.m.a.ExceptionHandlerExceptionResolver : Resolved [org.springframework.http.converter.HttpMessageNotReadableException: JSON parse error: Failed to convert from type [java.net.URI] to type [sia.tacocloud.tacos.Ingredient] for value 'id'; nested exception is java.lang.IllegalArgumentException: Cannot resolve URI id. Is it local or remote? Only local URIs are resolvable.; nested exception is com.fasterxml.jackson.databind.JsonMappingException: Failed to convert from type [java.net.URI] to type [sia.tacocloud.tacos.Ingredient] for value 'id'; nested exception is java.lang.IllegalArgumentException: Cannot resolve URI id. Is it local or remote? Only local URIs are resolvable. (through reference chain: sia.tacocloud.tacos.Taco["ingredients"]->java.util.ArrayList[1])]
2022-07-12 15:11:12.784  INFO 149475 --- [SpringApplicationShutdownHook] j.LocalContainerEntityManagerFactoryBean : Closing JPA EntityManagerFactory for persistence unit 'default'
2022-07-12 15:11:12.785  INFO 149475 --- [SpringApplicationShutdownHook] .SchemaDropperImpl$DelayedDropActionImpl : HHH000477: Starting delayed evictData of schema as part of SessionFactory shut-down'
2022-07-12 15:11:13.005  WARN 149475 --- [SpringApplicationShutdownHook] o.s.b.f.support.DisposableBeanAdapter    : Invocation of destroy method failed on bean with name 'inMemoryDatabaseShutdownExecutor': org.h2.jdbc.JdbcSQLNonTransientConnectionException: Database is already closed (to disable automatic closing at VM shutdown, add ";DB_CLOSE_ON_EXIT=FALSE" to the db URL) [90121-200]
2022-07-12 15:11:13.009  INFO 149475 --- [SpringApplicationShutdownHook] com.zaxxer.hikari.HikariDataSource       : HikariPool-1 - Shutdown initiated...
2022-07-12 15:11:13.019  INFO 149475 --- [SpringApplicationShutdownHook] com.zaxxer.hikari.HikariDataSource       : HikariPool-1 - Shutdown completed.
